.(0.0 sec) Q: 0, Sets: 0/1  (0.0%) ETA: - (expected 1 stars)

............................................(15.0 sec) Q: 0, Sets: 2216/2222  (58.594%) ETA: 10.6 sec (expected 3782 stars)

...................................(24.2 sec) Q: 0, Sets: 3985/3985  (100.0%) ETA: 0.0 sec (expected 3985 stars)
Worker_func Time (1 calls): 24.23 sec
  Get_global_queue Time (2 calls): 0.00 sec (0.0%)
  Update_shared_variables Time (447 calls): 0.08 sec (0.3%)
  Print_progress Time (3 calls): 0.00 sec (0.0%)
  Advance_star_outer Time (3984 calls): 23.77 sec (98.1%)
    Advance Time (3984 calls): 23.74 sec (99.9%)
      Do_first_relu_split Time (3984 calls): 11.91 sec (50.2%)
        Too_close_to_hyperplanes Time (3984 calls): 2.26 sec (19.0%)
        Split_enumerate Time (3984 calls): 8.76 sec (73.6%)
          Glp_copy_prob Time (3984 calls): 0.05 sec (0.6%)
          Copy init bm bias Time (3984 calls): 0.02 sec (0.2%)
          Check child feasible Time (3984 calls): 0.35 sec (4.0%)
          Add_dense_row Time (3984 calls): 0.21 sec (2.4%)
          Prefilter_split_relu Time (3984 calls): 7.86 sec (89.7%)
            Contract_zonotope_lp Time (3984 calls): 5.93 sec (75.4%)
              Contract_lp Time (7968 calls): 5.89 sec (99.3%)
                Full input bounds Time (7968 calls): 5.12 sec (87.1%)
                  Star.update_input_box_bounds_old Time (7968 calls): 5.05 sec (98.5%)
                    Lpi.minimize Time (79680 calls): 4.22 sec (83.5%)
                    Other (Star.update_input_box_bounds_old): 0.83 sec (16.5%)
                  Other (Full input bounds): 0.08 sec (1.5%)
                Star.update_input_box_bounds_new Time (7968 calls): 0.54 sec (9.2%)
                Other (Contract_lp): 0.22 sec (3.7%)
              Other (Contract_zonotope_lp): 0.04 sec (0.7%)
            Witness_lp Time (7968 calls): 0.52 sec (6.6%)
            Recompute_bounds Time (2616 calls): 1.08 sec (13.7%)
            Assign_zeros Time (2616 calls): 0.05 sec (0.7%)
            Other (Prefilter_split_relu): 0.29 sec (3.6%)
          Other (Split_enumerate): 0.27 sec (3.1%)
        Other (Do_first_relu_split): 0.88 sec (7.4%)
      Starstate.apply_linear_layer Time (10969 calls): 3.63 sec (15.3%)
      Recompute_bounds Time (6984 calls): 7.57 sec (31.9%)
        Zono.box_bounds Time (6984 calls): 0.85 sec (11.2%)
        Update_bounds_lp Time (6984 calls): 6.42 sec (84.8%)
          Minimize_output Time (70313 calls): 4.61 sec (71.9%)
          Other (Update_bounds_lp): 1.81 sec (28.1%)
        Sort_splits Time (6984 calls): 0.03 sec (0.3%)
        Other (Recompute_bounds): 0.27 sec (3.6%)
      Assign_zeros Time (6984 calls): 0.14 sec (0.6%)
      Other (Advance): 0.49 sec (2.1%)
    Other (Advance_star_outer): 0.03 sec (0.1%)
  Finished_star Time (3985 calls): 0.03 sec (0.1%)
  Post_loop Time (1 calls): 0.00 sec (0.0%)
  Other (Worker_func): 0.36 sec (1.5%)